2016/04/03 19:34:23 [error] [exception.CHttpException.404] exception 'CHttpException' with message 'The system is unable to find the requested action "contact".' in C:\OpenServer\domains\RepositoryQuests\framework\web\CController.php:483
Stack trace:
#0 C:\OpenServer\domains\RepositoryQuests\framework\web\CController.php(270): CController->missingAction('contact')
#1 C:\OpenServer\domains\RepositoryQuests\framework\web\CWebApplication.php(282): CController->run('contact')
#2 C:\OpenServer\domains\RepositoryQuests\framework\web\CWebApplication.php(141): CWebApplication->runController('Quests/contact')
#3 C:\OpenServer\domains\RepositoryQuests\framework\base\CApplication.php(185): CWebApplication->processRequest()
#4 C:\OpenServer\domains\RepositoryQuests\index.php(13): CApplication->run()
#5 {main}
REQUEST_URI=/index.php/Quests/contact
HTTP_REFERER=http://repositoryquests/index.php/site/login
---
2016/04/03 19:34:56 [error] [exception.CHttpException.404] exception 'CHttpException' with message 'The system is unable to find the requested action "contact".' in C:\OpenServer\domains\RepositoryQuests\framework\web\CController.php:483
Stack trace:
#0 C:\OpenServer\domains\RepositoryQuests\framework\web\CController.php(270): CController->missingAction('contact')
#1 C:\OpenServer\domains\RepositoryQuests\framework\web\CWebApplication.php(282): CController->run('contact')
#2 C:\OpenServer\domains\RepositoryQuests\framework\web\CWebApplication.php(141): CWebApplication->runController('Quests/contact')
#3 C:\OpenServer\domains\RepositoryQuests\framework\base\CApplication.php(185): CWebApplication->processRequest()
#4 C:\OpenServer\domains\RepositoryQuests\index.php(13): CApplication->run()
#5 {main}
REQUEST_URI=/index.php/Quests/contact
HTTP_REFERER=http://repositoryquests/index.php/site/contact
---
